2024-12-30 02:08:38 [GET]  /............................. ~    27.46ms
2024-12-30 02:08:38 [GET]  /favicon.ico.................. ~     4.65ms
2024-12-30 02:08:44 [GET]  /swagger-ui.css............... ~     1.39ms
2024-12-30 02:08:44 [GET]  /swagger-ui-bundle.js......... ~     1.43ms
2024-12-30 02:08:44 [GET]  /swagger-ui-standalone-preset.js ~     2.27ms
2024-12-30 02:08:44 [GET]  /swagger-ui-init.js........... ~     0.97ms
2024-12-30 02:08:44 [GET]  /favicon-16x16.png............ ~     1.35ms
2024-12-30 02:08:46 [GET]  /swagger-ui.css............... ~     0.70ms
2024-12-30 02:08:46 [GET]  /swagger-ui-bundle.js......... ~     1.58ms
2024-12-30 02:08:46 [GET]  /swagger-ui-standalone-preset.js ~     3.00ms
2024-12-30 02:08:46 [GET]  /swagger-ui-init.js........... ~     1.82ms
2024-12-30 02:09:04 [GET]  /swagger-ui.css............... ~     3.77ms
2024-12-30 02:09:04 [GET]  /swagger-ui-init.js........... ~     2.23ms
2024-12-30 02:09:04 [GET]  /swagger-ui-bundle.js......... ~     2.91ms
2024-12-30 02:09:04 [GET]  /swagger-ui-standalone-preset.js ~     2.08ms
2024-12-30 02:09:05 [GET]  /swagger-ui.css............... ~     1.37ms
2024-12-30 02:09:05 [GET]  /swagger-ui-bundle.js......... ~     1.91ms
2024-12-30 02:09:05 [GET]  /swagger-ui-standalone-preset.js ~     2.72ms
2024-12-30 02:09:05 [GET]  /swagger-ui-init.js........... ~     4.01ms
2024-12-30 02:09:38 [GET]  /swagger-ui.css............... ~     1.68ms
2024-12-30 02:09:38 [GET]  /swagger-ui-init.js........... ~     2.50ms
2024-12-30 02:09:38 [GET]  /swagger-ui-bundle.js......... ~     3.35ms
2024-12-30 02:09:38 [GET]  /swagger-ui-standalone-preset.js ~     2.06ms
2024-12-30 02:09:38 [GET]  /swagger-ui-init.js........... ~     1.06ms
2024-12-30 02:09:39 [GET]  /swagger-ui.css............... ~     1.18ms
2024-12-30 02:09:39 [GET]  /swagger-ui-init.js........... ~     3.31ms
2024-12-30 02:09:39 [GET]  /swagger-ui-bundle.js......... ~     4.15ms
2024-12-30 02:09:39 [GET]  /swagger-ui-standalone-preset.js ~     6.17ms
2024-12-30 02:09:39 [GET]  /swagger-ui-init.js........... ~     1.66ms
2024-12-30 02:09:40 [GET]  /swagger-ui.css............... ~     1.34ms
2024-12-30 02:09:40 [GET]  /swagger-ui-init.js........... ~     4.52ms
2024-12-30 02:09:40 [GET]  /swagger-ui-bundle.js......... ~     5.80ms
2024-12-30 02:09:40 [GET]  /swagger-ui-standalone-preset.js ~     5.04ms
2024-12-30 02:09:40 [GET]  /swagger-ui-init.js........... ~     1.34ms
2024-12-30 02:09:40 [GET]  /swagger-ui.css............... ~     1.41ms
2024-12-30 02:09:40 [GET]  /swagger-ui-bundle.js......... ~     3.39ms
2024-12-30 02:09:40 [GET]  /swagger-ui-standalone-preset.js ~     4.77ms
2024-12-30 02:09:40 [GET]  /swagger-ui-init.js........... ~     6.63ms
2024-12-30 02:09:40 [GET]  /swagger-ui.css............... ~     1.44ms
2024-12-30 02:09:40 [GET]  /swagger-ui-init.js........... ~     2.56ms
2024-12-30 02:09:40 [GET]  /swagger-ui-bundle.js......... ~     3.75ms
2024-12-30 02:09:40 [GET]  /swagger-ui-standalone-preset.js ~     5.54ms
2024-12-30 02:09:40 [GET]  /swagger-ui-init.js........... ~     1.23ms
2024-12-30 02:09:50 [GET]  /swagger-ui.css............... ~     1.57ms
2024-12-30 02:09:50 [GET]  /swagger-ui-bundle.js......... ~     1.28ms
2024-12-30 02:09:50 [GET]  /swagger-ui-standalone-preset.js ~     1.82ms
2024-12-30 02:09:50 [GET]  /swagger-ui-init.js........... ~     1.79ms
2024-12-30 02:09:55 [GET]  /............................. ~     1.67ms
2024-12-30 02:09:58 [GET]  /api/users.................... ~   213.15ms
2024-12-30 02:10:04 [GET]  /swagger-ui.css............... ~     0.97ms
2024-12-30 02:10:04 [GET]  /swagger-ui-init.js........... ~     1.05ms
2024-12-30 02:10:04 [GET]  /swagger-ui-bundle.js......... ~     1.00ms
2024-12-30 02:10:04 [GET]  /swagger-ui-standalone-preset.js ~     1.07ms
2024-12-30 02:10:04 [GET]  /swagger-ui-init.js........... ~     1.78ms
2024-12-30 02:10:06 [GET]  /swagger-ui.css............... ~     1.49ms
2024-12-30 02:10:06 [GET]  /swagger-ui-init.js........... ~     3.57ms
2024-12-30 02:10:06 [GET]  /swagger-ui-bundle.js......... ~     4.16ms
2024-12-30 02:10:06 [GET]  /swagger-ui-standalone-preset.js ~     4.45ms
2024-12-30 02:10:06 [GET]  /swagger-ui-init.js........... ~     1.49ms
2024-12-30 02:10:31 [GET]  /swagger-ui.css............... ~     2.32ms
2024-12-30 02:10:31 [GET]  /swagger-ui-bundle.js......... ~     2.29ms
2024-12-30 02:10:31 [GET]  /swagger-ui-standalone-preset.js ~     1.96ms
2024-12-30 02:10:31 [GET]  /swagger-ui-init.js........... ~     1.84ms
